Build started 2015-10-02 08:18:37 AM.
     1>Project "E:\Alon\csc3022h\back_propagation_mine_sweeper\smart sweepers.vcxproj" on node 2 (Build target(s)).
     1>ClCompile:
         C:\Program Files (x86)\Microsoft Visual Studio 12.0\VC\bin\CL.exe /c /ZI /nologo /W3 /WX- /Od /Oy- /D WIN32 /D _DEBUG /D _WINDOWS /D _VC80_UPGRADE=0x0600 /D _MBCS /Gm /EHsc /RTC1 /MTd /GS /Gy- /fp:precise /Zc:wchar_t /Zc:forScope /Fo".\Debug\\" /Fd".\Debug\vc120.pdb" /Gd /TP /analyze- /errorReport:prompt CNeuralNet.cpp
         CNeuralNet.cpp
     1>e:\alon\csc3022h\back_propagation_mine_sweeper\cneuralnet.cpp(162): warning C4018: '<' : signed/unsigned mismatch
     1>e:\alon\csc3022h\back_propagation_mine_sweeper\cneuralnet.cpp(176): warning C4018: '<' : signed/unsigned mismatch
     1>e:\alon\csc3022h\back_propagation_mine_sweeper\cneuralnet.cpp(183): warning C4018: '<' : signed/unsigned mismatch
     1>e:\alon\csc3022h\back_propagation_mine_sweeper\cneuralnet.cpp(197): warning C4018: '<' : signed/unsigned mismatch
     1>e:\alon\csc3022h\back_propagation_mine_sweeper\cneuralnet.cpp(201): warning C4018: '<' : signed/unsigned mismatch
     1>e:\alon\csc3022h\back_propagation_mine_sweeper\cneuralnet.cpp(215): warning C4018: '<' : signed/unsigned mismatch
     1>e:\alon\csc3022h\back_propagation_mine_sweeper\cneuralnet.cpp(220): warning C4018: '<' : signed/unsigned mismatch
     1>e:\alon\csc3022h\back_propagation_mine_sweeper\cneuralnet.cpp(239): warning C4018: '<' : signed/unsigned mismatch
     1>e:\alon\csc3022h\back_propagation_mine_sweeper\cneuralnet.cpp(267): warning C4018: '<' : signed/unsigned mismatch
     1>e:\alon\csc3022h\back_propagation_mine_sweeper\cneuralnet.cpp(299): warning C4018: '<' : signed/unsigned mismatch
       Link:
         C:\Program Files (x86)\Microsoft Visual Studio 12.0\VC\bin\link.exe /ERRORREPORT:PROMPT /OUT:".\Debug\smart sweepers.exe" /INCREMENTAL /NOLOGO odbc32.lib odbccp32.lib kernel32.lib user32.lib gdi32.lib winspool.lib comdlg32.lib advapi32.lib shell32.lib ole32.lib oleaut32.lib uuid.lib odbc32.lib odbccp32.lib /MANIFEST /MANIFESTUAC:"level='asInvoker' uiAccess='false'" /manifest:embed /DEBUG /PDB:".\Debug\smart sweepers.pdb" /SUBSYSTEM:WINDOWS /TLBID:1 /DYNAMICBASE /NXCOMPAT /IMPLIB:".\Debug\smart sweepers.lib" /MACHINE:X86 /SAFESEH .\Debug\Script1.res
         .\Debug\C2DMatrix.obj
         .\Debug\CBackPropController.obj
         .\Debug\CCollisionObject.obj
         .\Debug\CContCollisionObject.obj
         .\Debug\CContController.obj
         .\Debug\CController.obj
         .\Debug\CContMinesweeper.obj
         .\Debug\CDiscCollisionObject.obj
         .\Debug\CDiscController.obj
         .\Debug\CDiscMinesweeper.obj
         .\Debug\CNeuralNet.obj
         .\Debug\CParams.obj
         .\Debug\CQLearningController.obj
         .\Debug\CTimer.obj
         .\Debug\main.obj
         .\Debug\CMinesweeper.obj
         .\Debug\utils.obj
         smart sweepers.vcxproj -> E:\Alon\csc3022h\back_propagation_mine_sweeper\.\Debug\smart sweepers.exe
     1>Done Building Project "E:\Alon\csc3022h\back_propagation_mine_sweeper\smart sweepers.vcxproj" (Build target(s)).

Build succeeded.

Time Elapsed 00:00:24.70
